<?xml version="1.0" encoding="UTF-8"?>
<!-- Generated by org.testng.reporters.JUnitXMLReporter -->
<testsuite ignored="0" hostname="Muthulakshmi" failures="1" tests="1" name="edgeBrowser" time="0.482" errors="0" timestamp="2023-07-25T12:24:43 IST">
  <testcase classname="test.CrossBrowseDemo" name="verifyTitle" time="0.447">
    <failure type="java.lang.NoSuchMethodError" message="&amp;apos;java.io.OutputStream org.openqa.selenium.edge.EdgeDriverService$Builder.getLogOutput(java.lang.String)&amp;apos;">
      <![CDATA[java.lang.NoSuchMethodError: 'java.io.OutputStream org.openqa.selenium.edge.EdgeDriverService$Builder.getLogOutput(java.lang.String)'
at org.openqa.selenium.edge.EdgeDriverService$Builder.createDriverService(EdgeDriverService.java:352)
at org.openqa.selenium.edge.EdgeDriverService$Builder.createDriverService(EdgeDriverService.java:147)
at org.openqa.selenium.remote.service.DriverService$Builder.build(DriverService.java:450)
at org.openqa.selenium.edge.EdgeDriver.<init>(EdgeDriver.java:47)
at org.openqa.selenium.edge.EdgeDriver.<init>(EdgeDriver.java:43)
at test.CrossBrowseDemo.verifyTitle(CrossBrowseDemo.java:24)
at java.base/java.util.ArrayList.forEach(ArrayList.java:1511)
... Removed 27 stack frames]]>
    </failure>
  </testcase> <!-- verifyTitle -->
</testsuite> <!-- edgeBrowser -->
