<?xml version="1.0" encoding="UTF-8"?>
<!-- Generated by org.testng.reporters.JUnitXMLReporter -->
<testsuite ignored="2" hostname="Muthulakshmi26" failures="0" tests="2" name="Test" time="0.046" errors="0" timestamp="2023-11-07T10:49:56 IST">
  <testcase classname="com.demo1.TestngDemo" name="tc1" time="0.011"/>
  <testcase classname="com.demo1.TestngDemo" name="tc2" time="0.001"/>
  <testcase classname="com.demo1.TestngDemo" name="tc4" time="0.0">
    <ignored/>
  </testcase> <!-- tc4 -->
  <testcase classname="com.demo1.TestngDemo" name="tc3" time="0.0">
    <ignored/>
  </testcase> <!-- tc3 -->
</testsuite> <!-- Test -->
