<?xml version="1.0" encoding="UTF-8"?>
<testng-results ignored="0" total="1" passed="1" failed="0" skipped="0">
  <reporter-output>
  </reporter-output>
  <suite started-at="2023-11-08T13:52:58 IST" name="Default suite" finished-at="2023-11-08T13:52:58 IST" duration-ms="371">
    <groups>
      <group name="cucumber">
        <method signature="AbstractTestNGCucumberTests.runScenario(io.cucumber.testng.PickleWrapper,io.cucumber.testng.FeatureWrapper)[pri:0, instance:com.demo1.TestRunnerclass@436813f3]" name="runScenario" class="io.cucumber.testng.AbstractTestNGCucumberTests"/>
      </group> <!-- cucumber -->
    </groups>
    <test started-at="2023-11-08T13:52:58 IST" name="Default test" finished-at="2023-11-08T13:52:58 IST" duration-ms="371">
      <class name="com.demo1.TestRunnerclass">
        <test-method is-config="true" signature="setUpClass(org.testng.ITestContext)[pri:0, instance:com.demo1.TestRunnerclass@436813f3]" started-at="2023-11-08T13:52:58 IST" name="setUpClass" finished-at="2023-11-08T13:52:58 IST" duration-ms="251" status="PASS">
          <params>
            <param index="0">
              <value>
                <![CDATA[org.testng.TestRunner@5bf0fe62]]>
              </value>
            </param>
          </params>
          <reporter-output>
          </reporter-output>
        </test-method> <!-- setUpClass -->
        <test-method signature="runScenario(io.cucumber.testng.PickleWrapper,io.cucumber.testng.FeatureWrapper)[pri:0, instance:com.demo1.TestRunnerclass@436813f3]" started-at="2023-11-08T13:52:58 IST" name="runScenario" description="Runs Cucumber Scenarios" data-provider="scenarios" finished-at="2023-11-08T13:52:58 IST" duration-ms="82" status="PASS">
          <params>
            <param index="0">
              <value>
                <![CDATA["validating with invalid credinalities"]]>
              </value>
            </param>
            <param index="1">
              <value>
                <![CDATA["validating facebook login page"]]>
              </value>
            </param>
          </params>
          <reporter-output>
          </reporter-output>
        </test-method> <!-- runScenario -->
        <test-method is-config="true" signature="tearDownClass()[pri:0, instance:com.demo1.TestRunnerclass@436813f3]" started-at="2023-11-08T13:52:58 IST" name="tearDownClass" finished-at="2023-11-08T13:52:58 IST" duration-ms="3" status="PASS">
          <reporter-output>
          </reporter-output>
        </test-method> <!-- tearDownClass -->
      </class> <!-- com.demo1.TestRunnerclass -->
    </test> <!-- Default test -->
  </suite> <!-- Default suite -->
</testng-results>
